<?xml version="1.0" encoding="UTF-8"?>
<!-- Generated by org.testng.reporters.JUnitXMLReporter -->
<testsuite hostname="DESKTOP-5IBKFPL" ignored="0" name="Test" tests="3" failures="1" timestamp="24 Sep 2020 16:34:37 GMT" time="18.999" errors="0">
  <testcase name="CheckPageAppearCorrect" time="8.994" classname="com.test.Test_Case">
    <failure type="java.lang.NullPointerException">
      <![CDATA[java.lang.NullPointerException
	at com.pages.BookFlight.click_onNonStop(BookFlight.java:14)
	at com.test.Test_Case.CheckPageAppearCorrect(Test_Case.java:63)
... Removed 25 stack frames]]>
    </failure>
  </testcase> <!-- CheckPageAppearCorrect -->
  <testcase name="f" time="0.002" classname="com.pages.Payment"/>
  <testcase name="f" time="0.003" classname="com.pages.KotakPage"/>
</testsuite> <!-- Test -->
